0 info it worked if it ends with ok
1 verbose cli [ 'node', '/usr/local/bin/npm', 'install' ]
2 info using npm@1.2.21
3 info using node@v0.10.7
4 verbose read json /Users/nateps/codeparty/derby/bin/default-coffee/package.json
5 error install Couldn't read dependencies
6 error Error: Invalid name: "$$project$$"
6 error     at ensureValidName (/usr/local/lib/node_modules/npm/node_modules/read-package-json/node_modules/normalize-package-data/lib/fixer.js:179:15)
6 error     at Object.module.exports.fixNameField (/usr/local/lib/node_modules/npm/node_modules/read-package-json/node_modules/normalize-package-data/lib/fixer.js:104:5)
6 error     at /usr/local/lib/node_modules/npm/node_modules/read-package-json/node_modules/normalize-package-data/lib/normalize.js:28:38
6 error     at Array.forEach (native)
6 error     at normalize (/usr/local/lib/node_modules/npm/node_modules/read-package-json/node_modules/normalize-package-data/lib/normalize.js:27:15)
6 error     at final (/usr/local/lib/node_modules/npm/node_modules/read-package-json/read-json.js:304:33)
6 error     at then (/usr/local/lib/node_modules/npm/node_modules/read-package-json/read-json.js:118:48)
6 error     at /usr/local/lib/node_modules/npm/node_modules/read-package-json/read-json.js:228:40
6 error     at fs.js:266:14
6 error     at Object.oncomplete (fs.js:107:15)
7 error If you need help, you may report this log at:
7 error     <http://github.com/isaacs/npm/issues>
7 error or email it to:
7 error     <npm-@googlegroups.com>
8 error System Darwin 12.3.0
9 error command "node" "/usr/local/bin/npm" "install"
10 error cwd /Users/nateps/codeparty/derby/bin/default-coffee
11 error node -v v0.10.7
12 error npm -v 1.2.21
13 verbose exit [ 1, true ]
